# JRE version: OpenJDK Runtime Environment Temurin-17.0.11+9 (17.0.11+9) (build 17.0.11+9)
# Java VM: OpenJDK 64-Bit Server VM Temurin-17.0.11+9 (17.0.11+9, mixed mode, emulated-client, tiered, compressed oops, compressed class ptrs, g1 gc, windows-amd64)
GC Precious Log:
 CPUs: 8 total, 8 available
 Memory: 7968M
 Large Page Support: Disabled
 NUMA Support: Disabled
 Compressed Oops: Enabled (32-bit)
 Heap Region Size: 1M
 Heap Min Capacity: 8M
 Heap Initial Capacity: 126M
 Heap Max Capacity: 1G
 Pre-touch: Disabled
 Parallel Workers: 8
 Concurrent Workers: 2
 Concurrent Refinement Workers: 8
 Periodic GC: Disabled
Heap:
 garbage-first heap   total 86016K, used 42375K [0x00000000c0000000, 0x0000000100000000)
  region size 1024K, 17 young (17408K), 4 survivors (4096K)
 Metaspace       used 41028K, committed 41472K, reserved 1114112K
  class space    used 5241K, committed 5440K, reserved 1048576K
GC Heap History (12 events):
Event: 1.930 GC heap before
{Heap before GC invocations=0 (full 0):
 garbage-first heap   total 129024K, used 28672K [0x00000000c0000000, 0x0000000100000000)
  region size 1024K, 23 young (23552K), 0 survivors (0K)
 Metaspace       used 7886K, committed 8064K, reserved 1114112K
  class space    used 846K, committed 960K, reserved 1048576K
}
Event: 1.953 GC heap after
{Heap after GC invocations=1 (full 0):
 garbage-first heap   total 129024K, used 15509K [0x00000000c0000000, 0x0000000100000000)
  region size 1024K, 3 young (3072K), 3 survivors (3072K)
 Metaspace       used 7886K, committed 8064K, reserved 1114112K
  class space    used 846K, committed 960K, reserved 1048576K
}
Event: 3.310 GC heap before
{Heap before GC invocations=1 (full 0):
 garbage-first heap   total 129024K, used 37013K [0x00000000c0000000, 0x0000000100000000)
  region size 1024K, 25 young (25600K), 3 survivors (3072K)
 Metaspace       used 13544K, committed 13760K, reserved 1114112K
  class space    used 1668K, committed 1792K, reserved 1048576K
}
Event: 3.316 GC heap after
{Heap after GC invocations=2 (full 0):
 garbage-first heap   total 129024K, used 17394K [0x00000000c0000000, 0x0000000100000000)
  region size 1024K, 2 young (2048K), 2 survivors (2048K)
 Metaspace       used 13544K, committed 13760K, reserved 1114112K
  class space    used 1668K, committed 1792K, reserved 1048576K
}
Event: 4.932 GC heap before
{Heap before GC invocations=2 (full 0):
 garbage-first heap   total 129024K, used 52210K [0x00000000c0000000, 0x0000000100000000)
  region size 1024K, 38 young (38912K), 2 survivors (2048K)
 Metaspace       used 21275K, committed 21504K, reserved 1114112K
  class space    used 2599K, committed 2752K, reserved 1048576K
}
Event: 4.943 GC heap after
{Heap after GC invocations=3 (full 0):
 garbage-first heap   total 129024K, used 20575K [0x00000000c0000000, 0x0000000100000000)
  region size 1024K, 5 young (5120K), 5 survivors (5120K)
 Metaspace       used 21275K, committed 21504K, reserved 1114112K
  class space    used 2599K, committed 2752K, reserved 1048576K
}
Event: 6.617 GC heap before
{Heap before GC invocations=4 (full 0):
 garbage-first heap   total 86016K, used 66655K [0x00000000c0000000, 0x0000000100000000)
  region size 1024K, 50 young (51200K), 5 survivors (5120K)
 Metaspace       used 28674K, committed 28928K, reserved 1114112K
  class space    used 3584K, committed 3712K, reserved 1048576K
}
Event: 6.629 GC heap after
{Heap after GC invocations=5 (full 0):
 garbage-first heap   total 86016K, used 24118K [0x00000000c0000000, 0x0000000100000000)
  region size 1024K, 7 young (7168K), 7 survivors (7168K)
 Metaspace       used 28674K, committed 28928K, reserved 1114112K
  class space    used 3584K, committed 3712K, reserved 1048576K
}
Event: 8.262 GC heap before
{Heap before GC invocations=6 (full 0):
 garbage-first heap   total 86016K, used 55862K [0x00000000c0000000, 0x0000000100000000)
  region size 1024K, 38 young (38912K), 7 survivors (7168K)
 Metaspace       used 33193K, committed 33600K, reserved 1114112K
  class space    used 4235K, committed 4416K, reserved 1048576K
}
Event: 8.284 GC heap after
{Heap after GC invocations=7 (full 0):
 garbage-first heap   total 86016K, used 26884K [0x00000000c0000000, 0x0000000100000000)
  region size 1024K, 3 young (3072K), 3 survivors (3072K)
 Metaspace       used 33193K, committed 33600K, reserved 1114112K
  class space    used 4235K, committed 4416K, reserved 1048576K
}
Event: 9.587 GC heap before
{Heap before GC invocations=7 (full 0):
 garbage-first heap   total 86016K, used 60676K [0x00000000c0000000, 0x0000000100000000)
  region size 1024K, 35 young (35840K), 3 survivors (3072K)
 Metaspace       used 39279K, committed 39808K, reserved 1114112K
  class space    used 4931K, committed 5184K, reserved 1048576K
}
Event: 9.593 GC heap after
{Heap after GC invocations=8 (full 0):
 garbage-first heap   total 86016K, used 30087K [0x00000000c0000000, 0x0000000100000000)
  region size 1024K, 4 young (4096K), 4 survivors (4096K)
 Metaspace       used 39279K, committed 39808K, reserved 1114112K
  class space    used 4931K, committed 5184K, reserved 1048576K
}

